[02:12:57] [main/WARN]: Ambiguity between arguments [teleport, location] and [teleport, destination] with inputs: [0.1 -0.5 .9, 0 0 0]
[02:12:57] [main/WARN]: Ambiguity between arguments [teleport, location] and [teleport, targets] with inputs: [0.1 -0.5 .9, 0 0 0]
[02:12:57] [main/WARN]: Ambiguity between arguments [teleport, targets] and [teleport, destination] with inputs: [Player, 0123, dd12be42-52a9-4a91-a8a1-11c01849e498]
[02:12:57] [main/WARN]: Ambiguity between arguments [teleport, targets, location] and [teleport, targets, destination] with inputs: [0.1 -0.5 .9, 0 0 0]
[02:12:57] [main/INFO]: Loaded 0 recipes
[02:12:57] [Server thread/INFO]: Starting minecraft server version 1.13.1
[02:12:57] [Server thread/INFO]: Loading properties
[02:12:57] [Server thread/INFO]: Default game type: SURVIVAL
[02:12:57] [Server thread/INFO]: Generating keypair
[02:12:57] [Server thread/INFO]: Starting Minecraft server on 25.72.53.6:25565
[02:12:57] [Server thread/INFO]: Using default channel type
[02:12:58] [Server thread/INFO]: This server is running CraftBukkit version git-Bukkit-4228a56 (MC: 1.13.1) (Implementing API version 1.13.1-R0.1-SNAPSHOT)
[02:13:00] [Server thread/INFO]: [PluginConstructorAPI] Loading PluginConstructorAPI v1.0.44
[02:13:00] [Server thread/INFO]: [EssentialsPro] Loading EssentialsPro v1.2
[02:13:00] [Server thread/INFO]: [Vault] Loading Vault v1.7.1-b91
[02:13:00] [Server thread/INFO]: [EliteWeapons] Loading EliteWeapons v1.2.2
[02:13:00] [Server thread/INFO]: [CristichiTreeCapitator] Loading CristichiTreeCapitator v4.0
[02:13:00] [Server thread/INFO]: [QualityArmory] Loading QualityArmory v1.1.116
[02:13:00] [Server thread/INFO]: [Vault] Enabling Vault v1.7.1-b91
[02:13:00] [Server thread/INFO]: [Vault] [Permission] SuperPermissions loaded as backup permission system.
[02:13:00] [Server thread/INFO]: [Vault] Enabled Version 1.7.1-b91
[02:13:00] [Server thread/WARN]: **** SERVER IS RUNNING IN OFFLINE/INSECURE MODE!
[02:13:00] [Server thread/WARN]: The server will make no attempt to authenticate usernames. Beware.
[02:13:00] [Server thread/WARN]: While this makes the game possible to play without internet access, it also opens up the ability for hackers to connect with any username they choose.
[02:13:00] [Server thread/WARN]: To change this, set "online-mode" to "true" in the server.properties file.
[02:13:00] [Server thread/INFO]: Preparing level "world"
[02:13:00] [Server thread/INFO]: Reloading ResourceManager: Default, bukkit
[02:13:01] [Server thread/INFO]: Loaded 524 recipes
[02:13:01] [Server thread/INFO]: Preparing start region for level minecraft:overworld (Seed: -2103604393215139881)
[02:13:02] [Server thread/INFO]: Preparing spawn area: 4%
[02:13:02] [Server thread/INFO]: Preparing spawn area: 8%
[02:13:02] [Server thread/INFO]: Preparing spawn area: 12%
[02:13:02] [Server thread/INFO]: Preparing spawn area: 16%
[02:13:02] [Server thread/INFO]: Preparing spawn area: 20%
[02:13:02] [Server thread/INFO]: Preparing spawn area: 24%
[02:13:02] [Server thread/INFO]: Preparing spawn area: 28%
[02:13:02] [Server thread/INFO]: Preparing spawn area: 32%
[02:13:02] [Server thread/INFO]: Preparing spawn area: 36%
[02:13:02] [Server thread/INFO]: Preparing spawn area: 40%
[02:13:02] [Server thread/INFO]: Preparing spawn area: 44%
[02:13:02] [Server thread/INFO]: Preparing spawn area: 48%
[02:13:02] [Server thread/INFO]: Preparing spawn area: 52%
[02:13:03] [Server thread/INFO]: Preparing spawn area: 56%
[02:13:03] [Server thread/INFO]: Preparing spawn area: 60%
[02:13:03] [Server thread/INFO]: Preparing spawn area: 64%
[02:13:03] [Server thread/INFO]: Preparing spawn area: 68%
[02:13:03] [Server thread/INFO]: Preparing spawn area: 72%
[02:13:03] [Server thread/INFO]: Preparing spawn area: 76%
[02:13:03] [Server thread/INFO]: Preparing spawn area: 80%
[02:13:03] [Server thread/INFO]: Preparing spawn area: 84%
[02:13:03] [Server thread/INFO]: Preparing spawn area: 88%
[02:13:03] [Server thread/INFO]: Preparing spawn area: 92%
[02:13:03] [Server thread/INFO]: Preparing spawn area: 96%
[02:13:03] [Server thread/INFO]: Preparing spawn area: 100%
[02:13:03] [Server thread/INFO]: Preparing start region for level minecraft:the_nether (Seed: -2103604393215139881)
[02:13:03] [Server thread/INFO]: Preparing spawn area: 4%
[02:13:03] [Server thread/INFO]: Preparing spawn area: 8%
[02:13:03] [Server thread/INFO]: Preparing spawn area: 12%
[02:13:03] [Server thread/INFO]: Preparing spawn area: 16%
[02:13:04] [Server thread/INFO]: Preparing spawn area: 20%
[02:13:04] [Server thread/INFO]: Preparing spawn area: 24%
[02:13:04] [Server thread/INFO]: Preparing spawn area: 28%
[02:13:04] [Server thread/INFO]: Preparing spawn area: 32%
[02:13:04] [Server thread/INFO]: Preparing spawn area: 36%
[02:13:04] [Server thread/INFO]: Preparing spawn area: 40%
[02:13:04] [Server thread/INFO]: Preparing spawn area: 44%
[02:13:04] [Server thread/INFO]: Preparing spawn area: 48%
[02:13:04] [Server thread/INFO]: Preparing spawn area: 52%
[02:13:04] [Server thread/INFO]: Preparing spawn area: 56%
[02:13:04] [Server thread/INFO]: Preparing spawn area: 60%
[02:13:04] [Server thread/INFO]: Preparing spawn area: 64%
[02:13:04] [Server thread/INFO]: Preparing spawn area: 68%
[02:13:04] [Server thread/INFO]: Preparing spawn area: 72%
[02:13:05] [Server thread/INFO]: Preparing spawn area: 76%
[02:13:05] [Server thread/INFO]: Preparing spawn area: 80%
[02:13:05] [Server thread/INFO]: Preparing spawn area: 84%
[02:13:05] [Server thread/INFO]: Preparing spawn area: 88%
[02:13:05] [Server thread/INFO]: Preparing spawn area: 92%
[02:13:05] [Server thread/INFO]: Preparing spawn area: 96%
[02:13:05] [Server thread/INFO]: Preparing spawn area: 100%
[02:13:05] [Server thread/INFO]: Preparing start region for level minecraft:the_end (Seed: -2103604393215139881)
[02:13:05] [Server thread/INFO]: Preparing spawn area: 4%
[02:13:05] [Server thread/INFO]: Preparing spawn area: 8%
[02:13:05] [Server thread/INFO]: Preparing spawn area: 12%
[02:13:05] [Server thread/INFO]: Preparing spawn area: 16%
[02:13:05] [Server thread/INFO]: Preparing spawn area: 20%
[02:13:05] [Server thread/INFO]: Preparing spawn area: 24%
[02:13:05] [Server thread/INFO]: Preparing spawn area: 28%
[02:13:05] [Server thread/INFO]: Preparing spawn area: 32%
[02:13:05] [Server thread/INFO]: Preparing spawn area: 36%
[02:13:05] [Server thread/INFO]: Preparing spawn area: 40%
[02:13:05] [Server thread/INFO]: Preparing spawn area: 44%
[02:13:05] [Server thread/INFO]: Preparing spawn area: 48%
[02:13:05] [Server thread/INFO]: Preparing spawn area: 52%
[02:13:05] [Server thread/INFO]: Preparing spawn area: 56%
[02:13:05] [Server thread/INFO]: Preparing spawn area: 60%
[02:13:05] [Server thread/INFO]: Preparing spawn area: 64%
[02:13:05] [Server thread/INFO]: Preparing spawn area: 68%
[02:13:05] [Server thread/INFO]: Preparing spawn area: 72%
[02:13:05] [Server thread/INFO]: Preparing spawn area: 76%
[02:13:05] [Server thread/INFO]: Preparing spawn area: 80%
[02:13:05] [Server thread/INFO]: Preparing spawn area: 84%
[02:13:05] [Server thread/INFO]: Preparing spawn area: 88%
[02:13:05] [Server thread/INFO]: Preparing spawn area: 92%
[02:13:05] [Server thread/INFO]: Preparing spawn area: 96%
[02:13:05] [Server thread/INFO]: Preparing spawn area: 100%
[02:13:05] [Server thread/INFO]: Time elapsed: 3850 ms
[02:13:05] [Server thread/INFO]: [PluginConstructorAPI] Enabling PluginConstructorAPI v1.0.44
[02:13:05] [Server thread/INFO]: [EssentialsPro] Enabling EssentialsPro v1.2
[02:13:05] [Server thread/INFO]: [EliteWeapons] Enabling EliteWeapons v1.2.2
[02:13:05] [Server thread/INFO]: [EliteWeapons] EliteWeapons enabled!
[02:13:06] [Server thread/INFO]: [CristichiTreeCapitator] Enabling CristichiTreeCapitator v4.0
[02:13:06] [Server thread/INFO]: [CristichiTreeCapitator] Checking updates
[02:13:06] [Server thread/INFO]: [0;32;22m[CristichiTreeCapitator] [0;32;1mUpdate available (from v4.0 to v4.1), use /treecapitator update[m
[02:13:06] [Server thread/INFO]: [CristichiTreeCapitator] Enabled
[02:13:06] [Server thread/INFO]: [QualityArmory] Enabling QualityArmory v1.1.116
[02:13:06] [Server thread/INFO]: [QualityArmory] -Loading AmmoType: 40mm
[02:13:06] [Server thread/INFO]: [QualityArmory] -Loading AmmoType: 50bmg
[02:13:06] [Server thread/INFO]: [QualityArmory] -Loading AmmoType: 556
[02:13:06] [Server thread/INFO]: [QualityArmory] -Loading AmmoType: 762
[02:13:06] [Server thread/INFO]: [QualityArmory] -Loading AmmoType: 9mm
[02:13:06] [Server thread/INFO]: [QualityArmory] -Loading AmmoType: fusion_cell
[02:13:06] [Server thread/INFO]: [QualityArmory] -Loading AmmoType: mininuke
[02:13:06] [Server thread/INFO]: [QualityArmory] -Loading AmmoType: musketball
[02:13:06] [Server thread/INFO]: [QualityArmory] -Loading AmmoType: rocket
[02:13:06] [Server thread/INFO]: [QualityArmory] -Loading AmmoType: shell
[02:13:06] [Server thread/INFO]: [QualityArmory] -Loading Misc: flashbang
[02:13:06] [Server thread/INFO]: [QualityArmory] -Loading Misc: grenade
[02:13:06] [Server thread/INFO]: [QualityArmory] -Loading Misc: incendarygrenade
[02:13:06] [Server thread/INFO]: [QualityArmory] -Loading Misc: LightSaberBlue
[02:13:06] [Server thread/INFO]: [QualityArmory] -Loading Misc: LightSaberRed
[02:13:06] [Server thread/INFO]: [QualityArmory] -Loading Misc: medkitcamo
[02:13:06] [Server thread/INFO]: [QualityArmory] -Loading Misc: smokegrenade
[02:13:06] [Server thread/INFO]: [QualityArmory] -Loading Gun: 10mm
[02:13:06] [Server thread/INFO]: [QualityArmory] -Loading Gun: aa12
[02:13:06] [Server thread/INFO]: [QualityArmory] -Loading Gun: ak47
[02:13:06] [Server thread/INFO]: [QualityArmory] -Loading Gun: ak47u
[02:13:06] [Server thread/INFO]: [QualityArmory] -Loading Gun: m41pulserifle
[02:13:06] [Server thread/INFO]: [QualityArmory] -Loading Gun: arcgun9
[02:13:06] [Server thread/INFO]: [QualityArmory] -Loading Gun: asval
[02:13:06] [Server thread/INFO]: [QualityArmory] -Loading Gun: auto9
[02:13:06] [Server thread/INFO]: [QualityArmory] -Loading Gun: awp
[02:13:06] [Server thread/INFO]: [QualityArmory] -Loading Gun: barrett
[02:13:06] [Server thread/INFO]: [QualityArmory] -Loading Gun: blaster
[02:13:06] [Server thread/INFO]: [QualityArmory] -Loading Gun: dp27
[02:13:06] [Server thread/INFO]: [QualityArmory] -Loading Gun: dragunov
[02:13:06] [Server thread/INFO]: [QualityArmory] -Loading Gun: enfield
[02:13:06] [Server thread/INFO]: [QualityArmory] -Loading Gun: fatman
[02:13:06] [Server thread/INFO]: [QualityArmory] -Loading Gun: flintlockpistol
[02:13:06] [Server thread/INFO]: [QualityArmory] -Loading Gun: fnfal
[02:13:06] [Server thread/INFO]: [QualityArmory] -Loading Gun: fnfiveseven
[02:13:06] [Server thread/INFO]: [QualityArmory] -Loading Gun: fnp90
[02:13:06] [Server thread/INFO]: [QualityArmory] -Loading Gun: alienneedler
[02:13:06] [Server thread/INFO]: [QualityArmory] -Loading Gun: unscassaultrifle
[02:13:06] [Server thread/INFO]: [QualityArmory] -Loading Gun: henryrifle
[02:13:06] [Server thread/INFO]: [QualityArmory] -Loading Gun: pulserifle
[02:13:06] [Server thread/INFO]: [QualityArmory] -Loading Gun: homingrpg
[02:13:06] [Server thread/INFO]: [QualityArmory] -Loading Gun: instituterifle
[02:13:06] [Server thread/INFO]: [QualityArmory] -Loading Gun: kar98k
[02:13:06] [Server thread/INFO]: [QualityArmory] -Loading Gun: lazerrifle
[02:13:06] [Server thread/INFO]: [QualityArmory] -Loading Gun: m16
[02:13:06] [Server thread/INFO]: [QualityArmory] -Loading Gun: m40
[02:13:06] [Server thread/INFO]: [QualityArmory] -Loading Gun: m4a1s
[02:13:06] [Server thread/INFO]: [QualityArmory] -Loading Gun: m79
[02:13:06] [Server thread/INFO]: [QualityArmory] -Loading Gun: mac10
[02:13:06] [Server thread/INFO]: [QualityArmory] -Loading Gun: magnum
[02:13:06] [Server thread/INFO]: [QualityArmory] -Loading Gun: makarov
[02:13:06] [Server thread/INFO]: [QualityArmory] -Loading Gun: mauser
[02:13:06] [Server thread/INFO]: [QualityArmory] -Loading Gun: minigun
[02:13:06] [Server thread/INFO]: [QualityArmory] -Loading Gun: mk19
[02:13:06] [Server thread/INFO]: [QualityArmory] -Loading Gun: mp40
[02:13:06] [Server thread/INFO]: [QualityArmory] -Loading Gun: mp5k
[02:13:06] [Server thread/INFO]: [QualityArmory] -Loading Gun: musket
[02:13:06] [Server thread/INFO]: [QualityArmory] -Loading Gun: p30
[02:13:06] [Server thread/INFO]: [QualityArmory] -Loading Gun: pkp
[02:13:07] [Server thread/INFO]: [QualityArmory] -Loading Gun: ppsh41
[02:13:07] [Server thread/INFO]: [QualityArmory] -Loading Gun: remington
[02:13:07] [Server thread/INFO]: [QualityArmory] -Loading Gun: rpg
[02:13:07] [Server thread/INFO]: [QualityArmory] -Loading Gun: rpk
[02:13:07] [Server thread/INFO]: [QualityArmory] -Loading Gun: sg553
[02:13:07] [Server thread/INFO]: [QualityArmory] -Loading Gun: skorpion
[02:13:07] [Server thread/INFO]: [QualityArmory] -Loading Gun: sks
[02:13:07] [Server thread/INFO]: [QualityArmory] -Loading Gun: spas12
[02:13:07] [Server thread/INFO]: [QualityArmory] -Loading Gun: sturmgewehr44
[02:13:07] [Server thread/INFO]: [QualityArmory] -Loading Gun: sw1911
[02:13:07] [Server thread/INFO]: [QualityArmory] -Loading Gun: thatgun
[02:13:07] [Server thread/INFO]: [QualityArmory] -Loading Gun: ump
[02:13:07] [Server thread/INFO]: [QualityArmory] -Loading Gun: uzi
[02:13:07] [Server thread/INFO]: [QualityArmory] -Loading Gun: vera
[02:13:07] [Server thread/INFO]: [QualityArmory] -Loading Attachment: awpasiimov
[02:13:07] [Server thread/INFO]: [QualityArmory] -Loading Attachment: p30silenced
[02:13:07] [Server thread/ERROR]: [QualityArmory] Citizens 2.0 not found or not enabled
[02:13:07] [Server thread/INFO]: Server permissions file permissions.yml is empty, ignoring it
[02:13:07] [Server thread/INFO]: Done (7.270s)! For help, type "help"
[02:13:07] [pool-4-thread-1/INFO]: [Vault] Checking for Updates ... 
[02:13:08] [pool-4-thread-1/INFO]: [Vault] No new version available
[02:13:10] [Server thread/WARN]: Can't keep up! Is the server overloaded? Running 2289ms or 45 ticks behind
[02:13:15] [Server thread/INFO]: Sansão[/25.72.53.6:52892] logged in with entity id 332 at ([world]-296.0199011456636, 75.0, -211.8090502476043)
[02:14:00] [Server thread/INFO]: Sansão issued server command: /qa give ak47u
[02:14:09] [Server thread/INFO]: Sansão issued server command: /qa give 9mm
[02:14:58] [Server thread/INFO]: Sansão issued server command: /qa give 556
[02:15:44] [Server thread/INFO]: Sansão issued server command: /qa give 50bmg
[02:16:21] [Server thread/INFO]: Sansão issued server command: /qa give 762
[02:16:35] [Server thread/INFO]: Sansão issued server command: /qa give aa12
[02:17:31] [Server thread/WARN]: Can't keep up! Is the server overloaded? Running 5008ms or 100 ticks behind
[02:17:31] [Server thread/WARN]: Sansão moved too quickly! 12.287304377372976,-1.0,6.631132778857193
[02:17:59] [Server thread/INFO]: Sansão issued server command: /spawn
[02:17:59] [Server thread/WARN]: Sansão moved too quickly! -133.2593218856049,23.0,18.78728877100218
[02:18:14] [Server thread/INFO]: Sansão issued server command: /gamemode Sansão 0
[02:18:28] [Server thread/INFO]: Sansão issued server command: /gamemode 0
[02:18:41] [Server thread/INFO]: Sansão issued server command: /clear
[02:19:11] [Server thread/INFO]: Sansão has been slaughtered.
[02:19:12] [Server thread/ERROR]: Could not pass event PlayerRespawnEvent to EssentialsPro v1.2
org.bukkit.event.EventException: null
	at org.bukkit.plugin.java.JavaPluginLoader$1.execute(JavaPluginLoader.java:300) ~[craftbukkit.jar:git-Bukkit-4228a56]
	at org.bukkit.plugin.RegisteredListener.callEvent(RegisteredListener.java:62) ~[craftbukkit.jar:git-Bukkit-4228a56]
	at org.bukkit.plugin.SimplePluginManager.fireEvent(SimplePluginManager.java:499) ~[craftbukkit.jar:git-Bukkit-4228a56]
	at org.bukkit.plugin.SimplePluginManager.callEvent(SimplePluginManager.java:484) ~[craftbukkit.jar:git-Bukkit-4228a56]
	at net.minecraft.server.v1_13_R2.PlayerList.moveToWorld(PlayerList.java:635) ~[craftbukkit.jar:git-Bukkit-4228a56]
	at net.minecraft.server.v1_13_R2.PlayerList.moveToWorld(PlayerList.java:565) ~[craftbukkit.jar:git-Bukkit-4228a56]
	at net.minecraft.server.v1_13_R2.PlayerConnection.a(PlayerConnection.java:1834) ~[craftbukkit.jar:git-Bukkit-4228a56]
	at net.minecraft.server.v1_13_R2.PacketPlayInClientCommand.a(SourceFile:31) ~[craftbukkit.jar:git-Bukkit-4228a56]
	at net.minecraft.server.v1_13_R2.PacketPlayInClientCommand.a(SourceFile:8) ~[craftbukkit.jar:git-Bukkit-4228a56]
	at net.minecraft.server.v1_13_R2.PlayerConnectionUtils.a(SourceFile:10) ~[craftbukkit.jar:git-Bukkit-4228a56]
	at java.util.concurrent.Executors$RunnableAdapter.call(Unknown Source) [?:1.8.0_171]
	at java.util.concurrent.FutureTask.run(Unknown Source) [?:1.8.0_171]
	at net.minecraft.server.v1_13_R2.SystemUtils.a(SourceFile:199) [craftbukkit.jar:git-Bukkit-4228a56]
	at net.minecraft.server.v1_13_R2.MinecraftServer.b(MinecraftServer.java:839) [craftbukkit.jar:git-Bukkit-4228a56]
	at net.minecraft.server.v1_13_R2.DedicatedServer.b(DedicatedServer.java:376) [craftbukkit.jar:git-Bukkit-4228a56]
	at net.minecraft.server.v1_13_R2.MinecraftServer.a(MinecraftServer.java:792) [craftbukkit.jar:git-Bukkit-4228a56]
	at net.minecraft.server.v1_13_R2.MinecraftServer.run(MinecraftServer.java:695) [craftbukkit.jar:git-Bukkit-4228a56]
	at java.lang.Thread.run(Unknown Source) [?:1.8.0_171]
Caused by: java.lang.ClassCastException: me.thedoffman.essentialspro.events.RespawnEvent cannot be cast to org.bukkit.plugin.Plugin
	at me.thedoffman.essentialspro.events.RespawnEvent.onPlayerRespawn(RespawnEvent.java:20) ~[?:?]
	at sun.reflect.NativeMethodAccessorImpl.invoke0(Native Method) ~[?:1.8.0_171]
	at sun.reflect.NativeMethodAccessorImpl.invoke(Unknown Source) ~[?:1.8.0_171]
	at sun.reflect.DelegatingMethodAccessorImpl.invoke(Unknown Source) ~[?:1.8.0_171]
	at java.lang.reflect.Method.invoke(Unknown Source) ~[?:1.8.0_171]
	at org.bukkit.plugin.java.JavaPluginLoader$1.execute(JavaPluginLoader.java:298) ~[craftbukkit.jar:git-Bukkit-4228a56]
	... 17 more
[02:19:52] [Server thread/INFO]: Sansão has made the advancement [Sweet Dreams]
[02:23:15] [Server thread/INFO]: Sansão issued server command: /spawn
[02:23:16] [Server thread/WARN]: Sansão moved too quickly! -134.50674008222614,21.0,-163.30000001192093
[02:24:24] [Server thread/INFO]: Sansão issued server command: /warp mina
[02:24:25] [Server thread/WARN]: Sansão moved too quickly! 10.038136570529673,-67.0,425.3346975486507
[02:28:04] [Server thread/INFO]: Sansão has been slaughtered.
[02:28:05] [Server thread/ERROR]: Could not pass event PlayerRespawnEvent to EssentialsPro v1.2
org.bukkit.event.EventException: null
	at org.bukkit.plugin.java.JavaPluginLoader$1.execute(JavaPluginLoader.java:300) ~[craftbukkit.jar:git-Bukkit-4228a56]
	at org.bukkit.plugin.RegisteredListener.callEvent(RegisteredListener.java:62) ~[craftbukkit.jar:git-Bukkit-4228a56]
	at org.bukkit.plugin.SimplePluginManager.fireEvent(SimplePluginManager.java:499) ~[craftbukkit.jar:git-Bukkit-4228a56]
	at org.bukkit.plugin.SimplePluginManager.callEvent(SimplePluginManager.java:484) ~[craftbukkit.jar:git-Bukkit-4228a56]
	at net.minecraft.server.v1_13_R2.PlayerList.moveToWorld(PlayerList.java:635) ~[craftbukkit.jar:git-Bukkit-4228a56]
	at net.minecraft.server.v1_13_R2.PlayerList.moveToWorld(PlayerList.java:565) ~[craftbukkit.jar:git-Bukkit-4228a56]
	at net.minecraft.server.v1_13_R2.PlayerConnection.a(PlayerConnection.java:1834) ~[craftbukkit.jar:git-Bukkit-4228a56]
	at net.minecraft.server.v1_13_R2.PacketPlayInClientCommand.a(SourceFile:31) ~[craftbukkit.jar:git-Bukkit-4228a56]
	at net.minecraft.server.v1_13_R2.PacketPlayInClientCommand.a(SourceFile:8) ~[craftbukkit.jar:git-Bukkit-4228a56]
	at net.minecraft.server.v1_13_R2.PlayerConnectionUtils.a(SourceFile:10) ~[craftbukkit.jar:git-Bukkit-4228a56]
	at java.util.concurrent.Executors$RunnableAdapter.call(Unknown Source) [?:1.8.0_171]
	at java.util.concurrent.FutureTask.run(Unknown Source) [?:1.8.0_171]
	at net.minecraft.server.v1_13_R2.SystemUtils.a(SourceFile:199) [craftbukkit.jar:git-Bukkit-4228a56]
	at net.minecraft.server.v1_13_R2.MinecraftServer.b(MinecraftServer.java:839) [craftbukkit.jar:git-Bukkit-4228a56]
	at net.minecraft.server.v1_13_R2.DedicatedServer.b(DedicatedServer.java:376) [craftbukkit.jar:git-Bukkit-4228a56]
	at net.minecraft.server.v1_13_R2.MinecraftServer.a(MinecraftServer.java:792) [craftbukkit.jar:git-Bukkit-4228a56]
	at net.minecraft.server.v1_13_R2.MinecraftServer.run(MinecraftServer.java:695) [craftbukkit.jar:git-Bukkit-4228a56]
	at java.lang.Thread.run(Unknown Source) [?:1.8.0_171]
Caused by: java.lang.ClassCastException: me.thedoffman.essentialspro.events.RespawnEvent cannot be cast to org.bukkit.plugin.Plugin
	at me.thedoffman.essentialspro.events.RespawnEvent.onPlayerRespawn(RespawnEvent.java:20) ~[?:?]
	at sun.reflect.NativeMethodAccessorImpl.invoke0(Native Method) ~[?:1.8.0_171]
	at sun.reflect.NativeMethodAccessorImpl.invoke(Unknown Source) ~[?:1.8.0_171]
	at sun.reflect.DelegatingMethodAccessorImpl.invoke(Unknown Source) ~[?:1.8.0_171]
	at java.lang.reflect.Method.invoke(Unknown Source) ~[?:1.8.0_171]
	at org.bukkit.plugin.java.JavaPluginLoader$1.execute(JavaPluginLoader.java:298) ~[craftbukkit.jar:git-Bukkit-4228a56]
	... 17 more
[02:28:09] [Server thread/INFO]: Sansão lost connection: Disconnected
[02:28:09] [Server thread/INFO]: - Sansão
